A51 MACRO ASSEMBLER  LAB1_2                                                               07/30/2018 20:14:20 PAGE     1


MACRO ASSEMBLER A51 V8.2.7.0
OBJECT MODULE PLACED IN .\Objects\lab1-2.obj
ASSEMBLER INVOKED BY: C:\Keil_v5\C51\BIN\A51.EXE lab1-2.asm SET(SMALL) DEBUG PRINT(.\Listings\lab1-2.lst) OBJECT(.\Objec
                      ts\lab1-2.obj) EP

LOC  OBJ            LINE     SOURCE

0000                   1     Org 0h
0000 020100            2     ljmp main
0100                   3     Org 100h
                       4     
0100                   5     main:
0100 756178            6     MOV 61H, #078H
0103 756036            7     MOV 60H, #036H
0106 757179            8     MOV 71H, #079H
0109 75703A            9     MOV 70H, #03AH
010C E570             10     MOV A, 70H
010E F4               11     CPL A
010F F570             12     MOV 70H, A
0111 E571             13     MOV A, 71H
0113 F4               14     CPL A
0114 F571             15     MOV 71H, A
0116 2401             16     ADD A, #1
0118 F571             17     MOV 71H, A
011A E570             18     MOV A, 70H
011C 3400             19     ADDC A, #0
011E F570             20     MOV 70H, A
0120 E561             21     MOV A, 61H
0122 2571             22     ADD A, 71H
0124 F564             23     MOV 64H, A
0126 E4               24     CLR A
0127 E560             25     MOV A, 60H
0129 3570             26     ADDC A, 70H
012B F563             27     MOV 63H, A
012D E4               28     CLR A
012E 92E0             29     MOV ACC.0, C
0130 F580             30     MOV 80H, A
0132 E4               31     CLR A
0133 C3               32     CLR C
0134 E560             33     MOV A, 60H
0136 2480             34     ADD A, #128
0138 E4               35     CLR A
0139 92E0             36     MOV ACC.0, C
013B F581             37     MOV 81H, A
013D E4               38     CLR A
013E C3               39     CLR C
013F E570             40     MOV A, 70H
0141 2480             41     ADD A, #128
0143 E4               42     CLR A
0144 92E0             43     MOV ACC.0, C
0146 F582             44     MOV 82H, A
0148 E4               45     CLR A
0149 C3               46     CLR C
014A E580             47     MOV A, 80H
014C 2581             48     ADD A, 81H
014E 2582             49     ADD A, 82H
0150 13               50     RRC A
0151 E4               51     CLR A
0152 92E0             52     MOV ACC.0, C
0154 F562             53     MOV 62H, A
0156 80FE             54     HERE:SJMP HERE
                      55     END
A51 MACRO ASSEMBLER  LAB1_2                                                               07/30/2018 20:14:20 PAGE     2

SYMBOL TABLE LISTING
------ ----- -------


N A M E             T Y P E  V A L U E   ATTRIBUTES

ACC. . . . . . . .  D ADDR   00E0H   A   
HERE . . . . . . .  C ADDR   0156H   A   
MAIN . . . . . . .  C ADDR   0100H   A   


REGISTER BANK(S) USED: 0 


ASSEMBLY COMPLETE.  0 WARNING(S), 0 ERROR(S)
