C51 COMPILER V9.59.0.0   LW8_2                                                             10/14/2018 23:34:12 PAGE 1   


C51 COMPILER V9.59.0.0, COMPILATION OF MODULE LW8_2
OBJECT MODULE PLACED IN .\Objects\lw8-2.obj
COMPILER INVOKED BY: C:\Keil_v5\C51\BIN\C51.exe lw8-2.c OPTIMIZE(8,SPEED) BROWSE DEBUG OBJECTEXTEND PRINT(.\Listings\lw8
                    --2.lst) TABS(2) OBJECT(.\Objects\lw8-2.obj)

line level    source

   1          #include "at89c5131.h"
   2          #include "stdio.h"
   3          #include "Keypad_Updated.c"
   4          #include "lcd_test.c"
   5          unsigned char in_char, temp_psw, input;
   6          int key_en = 0;
   7          
   8          void init_serial()
   9          {
  10   1        EA = 1;
  11   1        ES = 1;
  12   1        ET1 = 0;
  13   1        SCON = 0xc0;
  14   1      }
  15          
  16          void Timer_Init()
  17          {
  18   1        TMOD = TMOD | 0x20;
  19   1        TH1 = 204;
  20   1      }
  21          
  22          void ISR_Keyboard(void) interrupt 7
  23          {
  24   1        temp_psw = PSW;
  25   1        in_char = read_keypad();
  26   1        lcd_char(in_char);
  27   1        
  28   1        ACC = in_char;
  29   1        ACC = ACC + 0;
  30   1        TB8 = PSW^0;
  31   1        SBUF = in_char;
  32   1        PSW = temp_psw;
  33   1      }
  34          
  35          void ISR_Serial(void) interrupt 4
  36          {
  37   1      //ISR for serial interrupt
  38   1        temp_psw = PSW;
  39   1        
  40   1        if(RI==1)
  41   1        {
  42   2          input = SBUF;
  43   2          if(input=='Y')
  44   2          {
  45   3            key_en = 1; 
  46   3          }
  47   2          
  48   2          if(input=='N')
  49   2          {
  50   3            key_en = 0;
  51   3          }
  52   2          
  53   2          RI=0;
  54   2        }
C51 COMPILER V9.59.0.0   LW8_2                                                             10/14/2018 23:34:12 PAGE 2   

  55   1        
  56   1        if(TI==1)
  57   1        {
  58   2      //    LED = !LED;
  59   2          TI = 0;
  60   2      //    out_char = read_keypad();
  61   2      //    ACC = out_char;
  62   2      //    ACC = ACC +0;
  63   2      //    TB8 = PSW^0;
  64   2      //    SBUF = ACC;
  65   2        }
  66   1        PSW = temp_psw;
  67   1      }
  68          
  69          void main()
  70          {
  71   1        init_serial();
  72   1        Timer_init();
*** WARNING C206 IN LINE 72 OF lw8-2.c: 'Timer_init': missing function-prototype
  73   1        keypad_init();
  74   1        port_init;
*** WARNING C275 IN LINE 74 OF lw8-2.c: expression with possibly no effect
  75   1        lcd_init;
*** WARNING C275 IN LINE 75 OF lw8-2.c: expression with possibly no effect
  76   1        TR1=1;
  77   1        REN = 1;
  78   1        RI=0;
  79   1        TI=0;
  80   1        while(1)
  81   1        {
  82   2          if(key_en==1)
  83   2          {
  84   3            IEN1 = 0x01;
  85   3          }
  86   2          
  87   2          if(key_en==0)
  88   2          {
  89   3            IEN1 = 0x00;
  90   3          }
  91   2          
  92   2        }
  93   1      }
  94          
  95          


MODULE INFORMATION:   STATIC OVERLAYABLE
   CODE SIZE        =    634    ----
   CONSTANT SIZE    =   ----    ----
   XDATA SIZE       =   ----    ----
   PDATA SIZE       =   ----    ----
   DATA SIZE        =      5       7
   IDATA SIZE       =   ----    ----
   BIT SIZE         =   ----    ----
END OF MODULE INFORMATION.


C51 COMPILATION COMPLETE.  3 WARNING(S),  0 ERROR(S)
