C51 COMPILER V9.59.0.0   HW_7                                                              09/24/2018 13:27:42 PAGE 1   


C51 COMPILER V9.59.0.0, COMPILATION OF MODULE HW_7
OBJECT MODULE PLACED IN .\Objects\hw-7.obj
COMPILER INVOKED BY: C:\Keil_v5\C51\BIN\C51.exe hw-7.c OPTIMIZE(8,SPEED) BROWSE DEBUG OBJECTEXTEND PRINT(.\Listings\hw-7
                    -.lst) TABS(2) OBJECT(.\Objects\hw-7.obj)

line level    source

   1          /**
   2           LCD HOMEWORK , LABWORK XX
   3           */
   4          
   5          /* @section  I N C L U D E S */
   6          #include "at89c5131.h"
   7          #define LCD_data  P2                // LCD Data port
   8          
   9          //Function Declarations
  10          void LCD_Init();
  11          void LCD_DataWrite(char dat);
  12          void LCD_CmdWrite(char cmd);
  13          void LCD_WriteString(char * str, unsigned char len);
  14          void LCD_Ready();
  15          void sdelay(int delay);
  16          void delay_ms(int delay);
  17          
  18          sbit CS_BAR = P1^4;                 // Chip Select for the ADC
  19          sbit LCD_rs = P0^0;                 // LCD Register Select
  20          sbit LCD_rw = P0^1;                 // LCD Read/Write
  21          sbit LCD_en = P0^2;                 // LCD Enable
  22          sbit LCD_busy = P2^7;               // LCD Busy Flag
  23          
  24          //Global Variables
  25          bit transmit_completed= 0;          // To check if spi data transmit is complete
  26          char serial_data, data_save_high, data_save_low;  
  27          
  28          void main(void)
  29          {
  30   1        P2 = 0x00;                      // Make Port 2 output 
  31   1        LCD_Init();
  32   1        while(1)                      // endless  
  33   1        {LCD_CmdWrite(0x80);  
  34   2          /* Code for displaying "Hello World"
  35   2             on the LCD to be written here */ 
  36   2          LCD_WriteString("Hello", 5);
  37   2          LCD_CmdWrite(0x0C5);  
  38   2          LCD_WriteString("World", 5);
  39   2          delay_ms(5000);
  40   2        }
  41   1      }
  42          
  43          /**
  44           * FUNCTION_PURPOSE:LCD Initialization
  45           * FUNCTION_INPUTS: void
  46           * FUNCTION_OUTPUTS: none
  47           */
  48          void LCD_Init()
  49          {
  50   1        sdelay(100);
  51   1        LCD_CmdWrite(0x38);     // LCD 2lines, 5*7 matrix
  52   1        LCD_CmdWrite(0x0E);     // Display ON cursor ON  Blinking off
  53   1        LCD_CmdWrite(0x01);     // Clear the LCD
  54   1        LCD_CmdWrite(0x80);     // Cursor to First line First Position
C51 COMPILER V9.59.0.0   HW_7                                                              09/24/2018 13:27:42 PAGE 2   

  55   1      }
  56          
  57          /**
  58           * FUNCTION_PURPOSE: Write Command to LCD
  59           * FUNCTION_INPUTS: cmd- command to be written
  60           * FUNCTION_OUTPUTS: none
  61           */
  62          void LCD_CmdWrite(char cmd)
  63          {
  64   1        LCD_Ready();
  65   1        LCD_data=cmd;           // Send the command to LCD
  66   1        LCD_rs=0;               // Select the Command Register by pulling LCD_rs LOW
  67   1        LCD_rw=0;               // Select the Write Operation  by pulling RW LOW
  68   1        LCD_en=1;               // Send a High-to-Low Pusle at Enable Pin
  69   1        sdelay(5);
  70   1        LCD_en=0;
  71   1        sdelay(5);
  72   1      }
  73          
  74          /**
  75           * FUNCTION_PURPOSE: Write Command to LCD
  76           * FUNCTION_INPUTS: dat- data to be written
  77           * FUNCTION_OUTPUTS: none
  78           */
  79          void LCD_DataWrite( char dat)
  80          {
  81   1        LCD_Ready();
  82   1        LCD_data=dat;           // Send the data to LCD
  83   1        LCD_rs=1;               // Select the Data Register by pulling LCD_rs HIGH
  84   1        LCD_rw=0;               // Select the Write Operation by pulling RW LOW
  85   1        LCD_en=1;               // Send a High-to-Low Pusle at Enable Pin
  86   1        sdelay(5);
  87   1        LCD_en=0;
  88   1        sdelay(5);
  89   1      }
  90          /**
  91           * FUNCTION_PURPOSE: Write a string on the LCD Screen
  92           * FUNCTION_INPUTS: 1. str - pointer to the string to be written, 
  93                              2. length - length of the array
  94           * FUNCTION_OUTPUTS: none
  95           */
  96          void LCD_WriteString( char * str, unsigned char length)
  97          {
  98   1          while(length>0)
  99   1          {
 100   2              LCD_DataWrite(*str);
 101   2              str++;
 102   2              length--;
 103   2          }
 104   1      }
 105          
 106          /**
 107           * FUNCTION_PURPOSE: To check if the LCD is ready to communicate
 108           * FUNCTION_INPUTS: void
 109           * FUNCTION_OUTPUTS: none
 110           */
 111          void LCD_Ready()
 112          {
 113   1        LCD_data = 0xFF;
 114   1        LCD_rs = 0;
 115   1        LCD_rw = 1;
 116   1        LCD_en = 0;
C51 COMPILER V9.59.0.0   HW_7                                                              09/24/2018 13:27:42 PAGE 3   

 117   1        sdelay(5);
 118   1        LCD_en = 1;
 119   1        while(LCD_busy == 1)
 120   1        {
 121   2          LCD_en = 0;
 122   2          LCD_en = 1;
 123   2        }
 124   1        LCD_en = 0;
 125   1      }
 126          
 127          /**
 128           * FUNCTION_PURPOSE: A delay of 15us for a 24 MHz crystal
 129           * FUNCTION_INPUTS: void
 130           * FUNCTION_OUTPUTS: none
 131           */
 132          void sdelay(int delay)
 133          {
 134   1        char d=0;
 135   1        while(delay>0)
 136   1        {
 137   2          for(d=0;d<5;d++);
 138   2          delay--;
 139   2        }
 140   1      }
 141          
 142          /**
 143           * FUNCTION_PURPOSE: A delay of around 1000us for a 24MHz crystel
 144           * FUNCTION_INPUTS: void
 145           * FUNCTION_OUTPUTS: none
 146           */
 147          void delay_ms(int delay)
 148          {
 149   1        int d=0;
 150   1        while(delay>0)
 151   1        {
 152   2          for(d=0;d<382;d++);
 153   2          delay--;
 154   2        }
 155   1      }


MODULE INFORMATION:   STATIC OVERLAYABLE
   CODE SIZE        =    274    ----
   CONSTANT SIZE    =     12    ----
   XDATA SIZE       =   ----    ----
   PDATA SIZE       =   ----    ----
   DATA SIZE        =      3       6
   IDATA SIZE       =   ----    ----
   BIT SIZE         =      1    ----
END OF MODULE INFORMATION.


C51 COMPILATION COMPLETE.  0 WARNING(S),  0 ERROR(S)
