C51 COMPILER V9.59.0.0   LAB7_2                                                            10/01/2018 16:37:02 PAGE 1   


C51 COMPILER V9.59.0.0, COMPILATION OF MODULE LAB7_2
OBJECT MODULE PLACED IN .\Objects\lab7-2.obj
COMPILER INVOKED BY: C:\Keil_v5\C51\BIN\C51.exe lab7-2.c OPTIMIZE(8,SPEED) BROWSE DEBUG OBJECTEXTEND PRINT(.\Listings\la
                    -b7-2.lst) TABS(2) OBJECT(.\Objects\lab7-2.obj)

line level    source

   1          /**
   2           SPI HOMEWORK2 , LABWORK2 (SAME PROGRAM)
   3           */
   4          
   5          /* @section  I N C L U D E S */
   6          #include "at89c5131.h"
   7          #include "stdio.h"
   8          #define LCD_data  P2                // LCD Data port
   9          #define sample 1
  10          void SPI_Init();
  11          void LCD_Init();
  12          void Timer_Init();
  13          void LCD_DataWrite(char dat);
  14          void LCD_CmdWrite(char cmd);
  15          void LCD_StringWrite(char * str, unsigned char len);
  16          void LCD_Ready();
  17          void sdelay(int delay);
  18          void delay_ms(int delay);
  19          char int_to_string(int val);
  20          void sample_data(int no_of_samples);
  21          void binary_to_ascii(int binary);
  22          sbit CS_BAR = P1^4;                 // Chip Select for the ADC
  23          sbit LCD_rs = P0^0;                 // LCD Register Select
  24          sbit LCD_rw = P0^1;                 // LCD Read/Write
  25          sbit LCD_en = P0^2;                 // LCD Enable
  26          sbit LCD_busy = P2^7;               // LCD Busy Flag
  27          sbit ONULL = P1^0;
  28          bit transmit_completed= 0;              // To check if spi data transmit is complete
  29          bit offset_null = 0;                // Check if offset nulling is enabled
  30          bit roundoff = 0;
  31          unsigned long data1[10]; 
  32          //unsigned long adcVal=0, voltage= 0 , temp_low,temp_high,try0=0;
  33          unsigned long sum = 0,tempadcVal=0;
  34          //unsigned int avgVal=0, initVal=0, adcValue = 0 , temp=0 ;
  35          unsigned long ans=0;
  36          unsigned char serial_data;
  37          unsigned char data_save_high;
  38          unsigned char data_save_low;
  39          unsigned char count=0, i=0;
  40          float fweight=0;
  41          int a=4;
  42            int p=10;
  43            char k;
  44            int j;
  45            unsigned long q;
  46          int x=0;
  47          /**
  48          
  49           * FUNCTION_INPUTS:  P1.5(MISO) serial input  
  50           * FUNCTION_OUTPUTS: P1.7(MOSI) serial output
  51           *                   P1.4(SSbar)
  52                               P1.6(SCK)
  53           */
  54           
C51 COMPILER V9.59.0.0   LAB7_2                                                            10/01/2018 16:37:02 PAGE 2   

  55          void main(void)
  56          {                         
  57   1                          
  58   1        CS_BAR = 1;
  59   1        P1 = P1 | 0x20;
  60   1        SPI_Init();
  61   1        LCD_Init();
  62   1        Timer_Init();
  63   1          TR0= 1;
  64   1        a=4;
  65   1        p=10;
  66   1        while(1){
  67   2        while(1)
  68   2        {
  69   3          CS_BAR = 0;                               // falling edge of CS bar
  70   3          SPDAT= 0x00;                      // first 4 bits will be address of the channel
  71   3          while(!transmit_completed);               // wait for the transmit complete flag  
  72   3          data_save_high = serial_data;               // save the 
  73   3          transmit_completed = 0;                   // make the flag 0
  74   3          SPDAT =0x00;  
  75   3          while(!transmit_completed); 
  76   3          data_save_low = serial_data;
  77   3          transmit_completed = 0; 
  78   3          CS_BAR = 1;    
  79   3          tempadcVal = (data_save_high<<2) + (data_save_low>>6);    // save the 10 bits in one variable
  80   3          if (p==0) break;
  81   3        }
  82   2        P2 = 0x00;
  83   2      p=10; // Make Port 2 output 
  84   2        LCD_Init();
  85   2        
  86   2      
  87   2        q=ans*3.29;
  88   2        
  89   2        if(ans<=1500)
  90   2        q=ans*0.18;
  91   2      
  92   2        else if(ans>1500)
  93   2          q=ans*0.5;
  94   2        
  95   2        LCD_CmdWrite(0x83); 
  96   2          j=q%10;
  97   2          q=q-j;
  98   2          k=j+'0';
  99   2          LCD_DataWrite(k);
 100   2          LCD_CmdWrite(0x82); 
 101   2          j=q%100;
 102   2          j=j/10;
 103   2          q=q-j;
 104   2          k=j+'0';
 105   2          LCD_DataWrite(k);
 106   2          LCD_CmdWrite(0x81); 
 107   2          j=q%1000;
 108   2        j=j/100;
 109   2          q=q-j;
 110   2          k=j+'0';
 111   2          LCD_DataWrite(k);
 112   2          LCD_CmdWrite(0x80); 
 113   2          j=q%10000;
 114   2          j=j/1000;
 115   2          q=q-j;
 116   2          k=j+'0';
C51 COMPILER V9.59.0.0   LAB7_2                                                            10/01/2018 16:37:02 PAGE 3   

 117   2          LCD_DataWrite(k);
 118   2          LCD_CmdWrite(0x086);  
 119   2          LCD_StringWrite("mm", 2);
 120   2          //delay_ms(5000);
 121   2        }}
 122          
 123          /**
 124           * FUNCTION_PURPOSE:interrupt
 125           * FUNCTION_INPUTS: void
 126           * FUNCTION_OUTPUTS: transmit_complete is software transfert flag
 127           */
 128          void it_SPI(void) interrupt 9 /* interrupt address is 0x004B, (Address -3)/8 = interrupt no.*/
 129          {
 130   1        switch  ( SPSTA )         /* read and clear spi status register */
 131   1        {
 132   2          case 0x80:  
 133   2            serial_data=SPDAT;   /* read receive data */
 134   2            transmit_completed=1;/* set software flag */
 135   2          break;
 136   2      
 137   2          case 0x10:
 138   2            
 139   2          break;
 140   2        
 141   2          case 0x40:
 142   2          break;
 143   2        }
 144   1      }
 145          
 146          void timer0_ISR (void) interrupt 1
 147          {                         TR0= 0;
 148   1                                TMOD=0x01;
 149   1                                TH0=0x0EC;
 150   1                                TL0=0x078;
 151   1                                a--;  
 152   1                               
 153   1                                if (a==0) {
 154   2                                  a=4;
 155   2                                  p--;
 156   2                                  data1[p]=tempadcVal;
 157   2                                }
 158   1                                
 159   1                                if (p==0){
 160   2                                  
 161   2                                  a=4;
 162   2                                  
 163   2                                for (x=0; x<10; x=x+1){
 164   3                                  ans=ans+data1[x];
 165   3                                }   
 166   2                                  ans=ans/10;}
 167   1        //Initialize TH0
 168   1        //Initialize TL0
 169   1        //Increment Overflow 
 170   1        //Write averaging of 10 samples code here
 171   1       TR0= 1;
 172   1      }
 173          
 174          /**
 175          
 176           * FUNCTION_INPUTS:  P1.5(MISO) serial input  
 177           * FUNCTION_OUTPUTS: P1.7(MOSI) serial output
 178           *                   P1.4(SSbar)
C51 COMPILER V9.59.0.0   LAB7_2                                                            10/01/2018 16:37:02 PAGE 4   

 179                               P1.6(SCK)
 180           */ 
 181          void SPI_Init()
 182          {
 183   1        CS_BAR = 1;                     // DISABLE ADC SLAVE SELECT-CS 
 184   1        SPCON |= 0x20;                  // P1.1(SSBAR) is available as standard I/O pin 
 185   1        SPCON |= 0x01;                  // Fclk Periph/4 AND Fclk Periph=12MHz ,HENCE SCK IE. BAUD RATE=3000KHz 
 186   1        SPCON |= 0x10;                  // Master mode 
 187   1        SPCON &= ~0x08;                 // CPOL=0; transmit mode example|| SCK is 0 at idle state
 188   1        SPCON |= 0x04;                  // CPHA=1; transmit mode example 
 189   1        IEN1 |= 0x04;                   // enable spi interrupt 
 190   1        EA=1;                           // enable interrupts 
 191   1        SPCON |= 0x40;                  // run spi;ENABLE SPI INTERFACE SPEN= 1 
 192   1      //  IPH0 |=0x10;
 193   1      //  IPL0 |=0x10;
 194   1      }
 195          
 196          void Timer_Init(void)
 197          {
 198   1        // Set Timer0 to work in up counting 16 bit mode. Counts upto 
 199   1        // 65536 depending upon the calues of TH0 and TL0
 200   1        // The timer counts 65536 processor cycles. A processor cycle is 
 201   1        // 12 clocks. FOr 24 MHz, it takes 65536/2 uS to overflow
 202   1          
 203   1        //Initialize TH0
 204   1        //Initialize TL0
 205   1        //Configure TMOD 
 206   1        //Set ET0
 207   1        //Set TR0
 208   1        
 209   1                                TMOD=0x01;
 210   1                                TH0=0x0EC;
 211   1                                TL0=0x078;
 212   1                                ET0=1;
 213   1                                EA=1;
 214   1        
 215   1      }
 216          /**
 217           * FUNCTION_PURPOSE:LCD Initialization
 218           * FUNCTION_INPUTS: void
 219           * FUNCTION_OUTPUTS: none
 220           */
 221          void LCD_Init()
 222          {
 223   1        sdelay(100);
 224   1        LCD_CmdWrite(0x38);     // LCD 2lines, 5*7 matrix
 225   1        LCD_CmdWrite(0x0C);     // Display ON cursor ON  Blinking off
 226   1        LCD_CmdWrite(0x01);     // Clear the LCD
 227   1        LCD_CmdWrite(0x80);     // Cursor to First line First Position
 228   1      }
 229          
 230          /**
 231           * FUNCTION_PURPOSE: Write Command to LCD
 232           * FUNCTION_INPUTS: cmd- command to be written
 233           * FUNCTION_OUTPUTS: none
 234           */
 235          void LCD_CmdWrite(char cmd)
 236          {
 237   1        LCD_Ready();
 238   1        LCD_data=cmd;           // Send the command to LCD
 239   1        LCD_rs=0;               // Select the Command Register by pulling LCD_rs LOW
 240   1        LCD_rw=0;               // Select the Write Operation  by pulling RW LOW
C51 COMPILER V9.59.0.0   LAB7_2                                                            10/01/2018 16:37:02 PAGE 5   

 241   1        LCD_en=1;               // Send a High-to-Low Pusle at Enable Pin
 242   1        sdelay(5);
 243   1        LCD_en=0;
 244   1        sdelay(5);
 245   1      }
 246          
 247          /**
 248           * FUNCTION_PURPOSE: Write Command to LCD
 249           * FUNCTION_INPUTS: dat- data to be written
 250           * FUNCTION_OUTPUTS: none
 251           */
 252          void LCD_DataWrite( char dat)
 253          {
 254   1        LCD_Ready();
 255   1        LCD_data=dat;           // Send the data to LCD
 256   1        LCD_rs=1;               // Select the Data Register by pulling LCD_rs HIGH
 257   1        LCD_rw=0;               // Select the Write Operation by pulling RW LOW
 258   1        LCD_en=1;               // Send a High-to-Low Pusle at Enable Pin
 259   1        sdelay(5);
 260   1        LCD_en=0;
 261   1        sdelay(5);
 262   1      }
 263          /**
 264           * FUNCTION_PURPOSE: Write a string on the LCD Screen
 265           * FUNCTION_INPUTS: 1. str - pointer to the string to be written, 
 266                              2. length - length of the array
 267           * FUNCTION_OUTPUTS: none
 268           */
 269          void LCD_StringWrite( char * str, unsigned char length)
 270          {
 271   1          while(length>0)
 272   1          {
 273   2              LCD_DataWrite(*str);
 274   2              str++;
 275   2              length--;
 276   2          }
 277   1      }
 278          
 279          /**
 280           * FUNCTION_PURPOSE: To check if the LCD is ready to communicate
 281           * FUNCTION_INPUTS: void
 282           * FUNCTION_OUTPUTS: none
 283           */
 284          void LCD_Ready()
 285          {
 286   1        LCD_data = 0xFF;
 287   1        LCD_rs = 0;
 288   1        LCD_rw = 1;
 289   1        LCD_en = 0;
 290   1        sdelay(5);
 291   1        LCD_en = 1;
 292   1      //  while(LCD_busy == 1)
 293   1      //  {
 294   1      //    LCD_en = 0;
 295   1      //    LCD_en = 1;
 296   1      //  }
 297   1        LCD_en = 0;
 298   1      }
 299          
 300          /**
 301           * FUNCTION_PURPOSE: A delay of 15us for a 24 MHz crystal
 302           * FUNCTION_INPUTS: void
C51 COMPILER V9.59.0.0   LAB7_2                                                            10/01/2018 16:37:02 PAGE 6   

 303           * FUNCTION_OUTPUTS: none
 304           */
 305          void sdelay(int delay)
 306          {
 307   1        char d=0;
 308   1        while(delay>0)
 309   1        {
 310   2          for(d=0;d<5;d++);
 311   2          delay--;
 312   2        }
 313   1      }
 314          
 315          /**
 316           * FUNCTION_PURPOSE: A delay of around 1000us for a 24MHz crystel
 317           * FUNCTION_INPUTS: void
 318           * FUNCTION_OUTPUTS: none
 319           */
 320          void delay_ms(int delay)
 321          {
 322   1        int d=0;
 323   1        while(delay>0)
 324   1        {
 325   2          for(d=0;d<382;d++);
 326   2          delay--;
 327   2        }
 328   1      }


MODULE INFORMATION:   STATIC OVERLAYABLE
   CODE SIZE        =    929    ----
   CONSTANT SIZE    =      3    ----
   XDATA SIZE       =   ----    ----
   PDATA SIZE       =   ----    ----
   DATA SIZE        =     74       6
   IDATA SIZE       =   ----    ----
   BIT SIZE         =      3    ----
END OF MODULE INFORMATION.


C51 COMPILATION COMPLETE.  0 WARNING(S),  0 ERROR(S)
